This is pdfTeX, Version 3.14159265-2.6-1.40.18 (TeX Live 2017/Arch Linux) (preloaded format=pdflatex 2018.4.1)  15 JUN 2018 23:12
entering extended mode
 restricted \write18 enabled.
 %&-line parsing enabled.
**var.tex
(./var.tex
LaTeX2e <2017-04-15>
Babel <3.18> and hyphenation patterns for 84 language(s) loaded.
(/usr/share/texmf-dist/tex/latex/extsizes/extarticle.cls
Document Class: extarticle 1996/10/08 v1.0 Non Standard LaTeX document class
(/usr/share/texmf-dist/tex/latex/extsizes/size14.clo
File: size14.clo 1999/11/11 v1.4a NON-Standard LaTeX file (size option)
)
(/usr/share/texmf-dist/tex/latex/base/exscale.sty
Package: exscale 2014/09/29 v2.1h Standard LaTeX package exscale
LaTeX Font Info:    Redeclaring symbol font `largesymbols' on input line 57.
LaTeX Font Info:    Overwriting symbol font `largesymbols' in version `normal'
(Font)                  OMX/cmex/m/n --> OMX/cmex/m/n on input line 57.
LaTeX Font Info:    Overwriting symbol font `largesymbols' in version `bold'
(Font)                  OMX/cmex/m/n --> OMX/cmex/m/n on input line 57.
\big@size=\dimen102
)
\c@part=\count79
\c@section=\count80
\c@subsection=\count81
\c@subsubsection=\count82
\c@paragraph=\count83
\c@subparagraph=\count84
\c@figure=\count85
\c@table=\count86
\abovecaptionskip=\skip41
\belowcaptionskip=\skip42
\bibindent=\dimen103
) (./text/preambule.tex
(/usr/share/texmf-dist/tex/latex/cmap/cmap.sty
Package: cmap 2008/03/06 v1.0h CMap support: searchable PDF
)
(/usr/share/texmf-dist/tex/latex/base/fontenc.sty
Package: fontenc 2017/04/05 v2.0i Standard LaTeX package

(/usr/share/texmf-dist/tex/latex/cyrillic/t2aenc.def
File: t2aenc.def 2005/09/27 v1.0i Cyrillic encoding definition file
)
LaTeX Font Info:    Try loading font information for T2A+cmr on input line 105.


(/usr/share/texmf-dist/tex/latex/cyrillic/t2acmr.fd
File: t2acmr.fd 2001/08/11 v1.0a Computer Modern Cyrillic font definitions
)<<t2a.cmap>>)
(/usr/share/texmf-dist/tex/latex/base/inputenc.sty
Package: inputenc 2015/03/17 v1.2c Input encoding file
\inpenc@prehook=\toks14
\inpenc@posthook=\toks15

(/usr/share/texmf-dist/tex/latex/ucs/utf8x.def
File: utf8x.def 2004/10/17 UCS: Input encoding UTF-8
))
(/usr/share/texmf-dist/tex/latex/ucs/ucs.sty
Package: ucs 2013/05/11 v2.2 UCS: Unicode input support

(/usr/share/texmf-dist/tex/latex/ucs/data/uni-global.def
File: uni-global.def 2013/05/13 UCS: Unicode global data
)
\uc@secondtry=\count87
\uc@combtoks=\toks16
\uc@combtoksb=\toks17
\uc@temptokena=\toks18
)
(/usr/share/texmf-dist/tex/generic/babel/babel.sty
Package: babel 2018/02/14 3.18 The Babel package

(/usr/share/texmf-dist/tex/generic/babel/switch.def
File: switch.def 2018/02/14 3.18 Babel switching mechanism
)
(/usr/share/texmf-dist/tex/generic/babel-english/english.ldf
Language: english 2017/06/06 v3.3r English support from the babel system

(/usr/share/texmf-dist/tex/generic/babel/babel.def
File: babel.def 2018/02/14 3.18 Babel common definitions
\babel@savecnt=\count88
\U@D=\dimen104

(/usr/share/texmf-dist/tex/generic/babel/txtbabel.def)
\bbl@dirlevel=\count89
)
\l@canadian = a dialect from \language\l@american 
\l@australian = a dialect from \language\l@british 
\l@newzealand = a dialect from \language\l@british 
)
(/usr/share/texmf-dist/tex/generic/babel-russian/russianb.ldf
Language: russian 2017/08/12 1.3j Russian support for the Babel system
Package babel Info: Making " an active character on input line 120.
Package babel Info: Default for \cyrdash is provided on input line 157.
))
(/usr/share/texmf-dist/tex/latex/standalone/standalone.sty
Package: standalone 2015/07/15 v1.2 Package to include TeX sub-files with pream
bles

(/usr/share/texmf-dist/tex/generic/oberdiek/ifluatex.sty
Package: ifluatex 2016/05/16 v1.4 Provides the ifluatex switch (HO)
Package ifluatex Info: LuaTeX not detected.
)
(/usr/share/texmf-dist/tex/generic/oberdiek/ifpdf.sty
Package: ifpdf 2017/03/15 v3.2 Provides the ifpdf switch
)
(/usr/share/texmf-dist/tex/generic/ifxetex/ifxetex.sty
Package: ifxetex 2010/09/12 v0.6 Provides ifxetex conditional
)
(/usr/share/texmf-dist/tex/latex/xkeyval/xkeyval.sty
Package: xkeyval 2014/12/03 v2.7a package option processing (HA)

(/usr/share/texmf-dist/tex/generic/xkeyval/xkeyval.tex
(/usr/share/texmf-dist/tex/generic/xkeyval/xkvutils.tex
\XKV@toks=\toks19
\XKV@tempa@toks=\toks20

(/usr/share/texmf-dist/tex/generic/xkeyval/keyval.tex))
\XKV@depth=\count90
File: xkeyval.tex 2014/12/03 v2.7a key=value parser (HA)
))
(/usr/share/texmf-dist/tex/latex/currfile/currfile.sty
Package: currfile 2015/04/23 v0.7c Provides the file path elements of the curre
nt input file

(/usr/share/texmf-dist/tex/latex/oberdiek/kvoptions.sty
Package: kvoptions 2016/05/16 v3.12 Key value format for package options (HO)

(/usr/share/texmf-dist/tex/generic/oberdiek/ltxcmds.sty
Package: ltxcmds 2016/05/16 v1.23 LaTeX kernel commands for general use (HO)
)
(/usr/share/texmf-dist/tex/generic/oberdiek/kvsetkeys.sty
Package: kvsetkeys 2016/05/16 v1.17 Key value parser (HO)

(/usr/share/texmf-dist/tex/generic/oberdiek/infwarerr.sty
Package: infwarerr 2016/05/16 v1.4 Providing info/warning/error messages (HO)
)
(/usr/share/texmf-dist/tex/generic/oberdiek/etexcmds.sty
Package: etexcmds 2016/05/16 v1.6 Avoid name clashes with e-TeX commands (HO)
Package etexcmds Info: Could not find \expanded.
(etexcmds)             That can mean that you are not using pdfTeX 1.50 or
(etexcmds)             that some package has redefined \expanded.
(etexcmds)             In the latter case, load this package earlier.
)))
(/usr/share/texmf-dist/tex/latex/filehook/filehook.sty
Package: filehook 2011/10/12 v0.5d Hooks for input files
)
\c@currfiledepth=\count91
)
(/usr/share/texmf-dist/tex/latex/gincltex/gincltex.sty
(/usr/share/texmf-dist/tex/latex/svn-prov/svn-prov.sty
Package: svn-prov 2010/04/24 v3.1862 Package Date/Version from SVN Keywords
)
Package: gincltex 2011/09/04 v0.3 Include external LaTeX files like graphics

(/usr/share/texmf-dist/tex/latex/adjustbox/adjustbox.sty
Package: adjustbox 2012/05/21 v1.0 Adjusting TeX boxes (trim, clip, ...)

(/usr/share/texmf-dist/tex/latex/adjustbox/adjcalc.sty
Package: adjcalc 2012/05/16 v1.1 Provides advanced setlength with multiple back
-ends (calc, etex, pgfmath)
)
(/usr/share/texmf-dist/tex/latex/adjustbox/trimclip.sty
Package: trimclip 2012/05/16 v1.0 Trim and clip general TeX material

(/usr/share/texmf-dist/tex/latex/graphics/graphicx.sty
Package: graphicx 2017/06/01 v1.1a Enhanced LaTeX Graphics (DPC,SPQR)

(/usr/share/texmf-dist/tex/latex/graphics/graphics.sty
Package: graphics 2017/06/25 v1.2c Standard LaTeX Graphics (DPC,SPQR)

(/usr/share/texmf-dist/tex/latex/graphics/trig.sty
Package: trig 2016/01/03 v1.10 sin cos tan (DPC)
)
(/usr/share/texmf-dist/tex/latex/graphics-cfg/graphics.cfg
File: graphics.cfg 2016/06/04 v1.11 sample graphics configuration
)
Package graphics Info: Driver file: pdftex.def on input line 99.

(/usr/share/texmf-dist/tex/latex/graphics-def/pdftex.def
File: pdftex.def 2018/01/08 v1.0l Graphics/color driver for pdftex
))
\Gin@req@height=\dimen105
\Gin@req@width=\dimen106
)
(/usr/share/texmf-dist/tex/latex/collectbox/collectbox.sty
Package: collectbox 2012/05/17 v0.4b Collect macro arguments as boxes
\collectedbox=\box26
)
\tc@llx=\dimen107
\tc@lly=\dimen108
\tc@urx=\dimen109
\tc@ury=\dimen110
Package trimclip Info: Using driver 'tc-pdftex.def'.

(/usr/share/texmf-dist/tex/latex/adjustbox/tc-pdftex.def
File: tc-pdftex.def 2012/05/13 v1.0 Clipping driver for pdftex
))
\adjbox@Width=\dimen111
\adjbox@Height=\dimen112
\adjbox@Depth=\dimen113
\adjbox@Totalheight=\dimen114

(/usr/share/texmf-dist/tex/latex/ifoddpage/ifoddpage.sty
Package: ifoddpage 2016/04/23 v1.1 Conditionals for odd/even page detection
\c@checkoddpage=\count92
)
(/usr/share/texmf-dist/tex/latex/varwidth/varwidth.sty
Package: varwidth 2009/03/30 ver 0.92;  Variable-width minipages
\@vwid@box=\box27
\sift@deathcycles=\count93
\@vwid@loff=\dimen115
\@vwid@roff=\dimen116
))
\gincltex@box=\box28
)
(/usr/share/texmf-dist/tex/latex/filemod/filemod-expmin.sty
Package: filemod-expmin 2011/09/19 v1.2 Get and compare file modification times
 (expandable; minimal)
))
(/usr/share/texmf-dist/tex/latex/amsfonts/amssymb.sty
Package: amssymb 2013/01/14 v3.01 AMS font symbols

(/usr/share/texmf-dist/tex/latex/amsfonts/amsfonts.sty
Package: amsfonts 2013/01/14 v3.01 Basic AMSFonts support
\@emptytoks=\toks21
\symAMSa=\mathgroup4
\symAMSb=\mathgroup5
LaTeX Font Info:    Overwriting math alphabet `\mathfrak' in version `bold'
(Font)                  U/euf/m/n --> U/euf/b/n on input line 106.
))
(/usr/share/texmf-dist/tex/latex/amsmath/amsmath.sty
Package: amsmath 2017/09/02 v2.17a AMS math features
\@mathmargin=\skip43

For additional information on amsmath, use the `?' option.
(/usr/share/texmf-dist/tex/latex/amsmath/amstext.sty
Package: amstext 2000/06/29 v2.01 AMS text

(/usr/share/texmf-dist/tex/latex/amsmath/amsgen.sty
File: amsgen.sty 1999/11/30 v2.0 generic functions
\@emptytoks=\toks22
\ex@=\dimen117
))
(/usr/share/texmf-dist/tex/latex/amsmath/amsbsy.sty
Package: amsbsy 1999/11/29 v1.2d Bold Symbols
\pmbraise@=\dimen118
)
(/usr/share/texmf-dist/tex/latex/amsmath/amsopn.sty
Package: amsopn 2016/03/08 v2.02 operator names
)
\inf@bad=\count94
LaTeX Info: Redefining \frac on input line 213.
\uproot@=\count95
\leftroot@=\count96
LaTeX Info: Redefining \overline on input line 375.
\classnum@=\count97
\DOTSCASE@=\count98
LaTeX Info: Redefining \ldots on input line 472.
LaTeX Info: Redefining \dots on input line 475.
LaTeX Info: Redefining \cdots on input line 596.
\Mathstrutbox@=\box29
\strutbox@=\box30
\big@size=\dimen119
LaTeX Font Info:    Redeclaring font encoding OML on input line 712.
LaTeX Font Info:    Redeclaring font encoding OMS on input line 713.
\macc@depth=\count99
\c@MaxMatrixCols=\count100
\dotsspace@=\muskip10
\c@parentequation=\count101
\dspbrk@lvl=\count102
\tag@help=\toks23
\row@=\count103
\column@=\count104
\maxfields@=\count105
\andhelp@=\toks24
\eqnshift@=\dimen120
\alignsep@=\dimen121
\tagshift@=\dimen122
\tagwidth@=\dimen123
\totwidth@=\dimen124
\lineht@=\dimen125
\@envbody=\toks25
\multlinegap=\skip44
\multlinetaggap=\skip45
\mathdisplay@stack=\toks26
LaTeX Info: Redefining \[ on input line 2817.
LaTeX Info: Redefining \] on input line 2818.
)
(/usr/share/texmf-dist/tex/latex/wrapfig/wrapfig.sty
\wrapoverhang=\dimen126
\WF@size=\dimen127
\c@WF@wrappedlines=\count106
\WF@box=\box31
\WF@everypar=\toks27
Package: wrapfig 2003/01/31  v 3.6
)
(/usr/share/texmf-dist/tex/latex/float/float.sty
Package: float 2001/11/08 v1.3d Float enhancements (AL)
\c@float@type=\count107
\float@exts=\toks28
\float@box=\box32
\@float@everytoks=\toks29
\@floatcapt=\box33
)
(/usr/share/texmf-dist/tex/latex/graphics/color.sty
Package: color 2016/07/10 v1.1e Standard LaTeX Color (DPC)

(/usr/share/texmf-dist/tex/latex/graphics-cfg/color.cfg
File: color.cfg 2016/01/02 v1.6 sample color configuration
)
Package color Info: Driver file: pdftex.def on input line 147.
)
(/usr/share/texmf-dist/tex/latex/geometry/geometry.sty
Package: geometry 2010/09/12 v5.6 Page Geometry

(/usr/share/texmf-dist/tex/generic/oberdiek/ifvtex.sty
Package: ifvtex 2016/05/16 v1.6 Detect VTeX and its facilities (HO)
Package ifvtex Info: VTeX not detected.
)
\Gm@cnth=\count108
\Gm@cntv=\count109
\c@Gm@tempcnt=\count110
\Gm@bindingoffset=\dimen128
\Gm@wd@mp=\dimen129
\Gm@odd@mp=\dimen130
\Gm@even@mp=\dimen131
\Gm@layoutwidth=\dimen132
\Gm@layoutheight=\dimen133
\Gm@layouthoffset=\dimen134
\Gm@layoutvoffset=\dimen135
\Gm@dimlist=\toks30
)
(/usr/share/texmf-dist/tex/latex/makecell/makecell.sty
Package: makecell 2009/08/03 V0.1e Managing of Tab Column Heads and Cells

(/usr/share/texmf-dist/tex/latex/tools/array.sty
Package: array 2016/10/06 v2.4d Tabular extension package (FMi)
\col@sep=\dimen136
\extrarowheight=\dimen137
\NC@list=\toks31
\extratabsurround=\skip46
\backup@length=\skip47
)
\rotheadsize=\dimen138
\c@nlinenum=\count111
\TeXr@lab=\toks32
)
(/usr/share/texmf-dist/tex/latex/multirow/multirow.sty
Package: multirow 2016/11/25 v2.2 Span multiple rows of a table
\multirow@colwidth=\skip48
\multirow@cntb=\count112
\multirow@dima=\skip49
\bigstrutjot=\dimen139
)
(/usr/share/texmf-dist/tex/latex/tools/indentfirst.sty
Package: indentfirst 1995/11/23 v1.03 Indent first paragraph (DPC)
)
(/usr/share/texmf-dist/tex/generic/ulem/ulem.sty
\UL@box=\box34
\UL@hyphenbox=\box35
\UL@skip=\skip50
\UL@hook=\toks33
\UL@height=\dimen140
\UL@pe=\count113
\UL@pixel=\dimen141
\ULC@box=\box36
Package: ulem 2012/05/18
\ULdepth=\dimen142
)
(/usr/share/texmf-dist/tex/latex/esint/esint.sty
Package: esint 
\symlargesymbolsA=\mathgroup6
)
(/usr/share/texmf-dist/tex/latex/esdiff/esdiff.sty
Package: esdiff 
)
(/usr/share/texmf-dist/tex/latex/fancyhdr/fancyhdr.sty
Package: fancyhdr 2017/06/30 v3.9a Extensive control of page headers and footer
s
\f@nch@headwidth=\skip51
\f@nch@O@elh=\skip52
\f@nch@O@erh=\skip53
\f@nch@O@olh=\skip54
\f@nch@O@orh=\skip55
\f@nch@O@elf=\skip56
\f@nch@O@erf=\skip57
\f@nch@O@olf=\skip58
\f@nch@O@orf=\skip59
)
(/usr/share/texmf-dist/tex/latex/tocloft/tocloft.sty
Package: tocloft 2017/08/31 v2.3i parameterised ToC, etc., typesetting
Package tocloft Info: The document has section divisions on input line 51.
\cftparskip=\skip60
\cftbeforetoctitleskip=\skip61
\cftaftertoctitleskip=\skip62
\cftbeforepartskip=\skip63
\cftpartnumwidth=\skip64
\cftpartindent=\skip65
\cftbeforesecskip=\skip66
\cftsecindent=\skip67
\cftsecnumwidth=\skip68
\cftbeforesubsecskip=\skip69
\cftsubsecindent=\skip70
\cftsubsecnumwidth=\skip71
\cftbeforesubsubsecskip=\skip72
\cftsubsubsecindent=\skip73
\cftsubsubsecnumwidth=\skip74
\cftbeforeparaskip=\skip75
\cftparaindent=\skip76
\cftparanumwidth=\skip77
\cftbeforesubparaskip=\skip78
\cftsubparaindent=\skip79
\cftsubparanumwidth=\skip80
\cftbeforeloftitleskip=\skip81
\cftafterloftitleskip=\skip82
\cftbeforefigskip=\skip83
\cftfigindent=\skip84
\cftfignumwidth=\skip85
\c@lofdepth=\count114
\c@lotdepth=\count115
\cftbeforelottitleskip=\skip86
\cftafterlottitleskip=\skip87
\cftbeforetabskip=\skip88
\cfttabindent=\skip89
\cfttabnumwidth=\skip90
)
(/usr/share/texmf-dist/tex/latex/secdot/secdot.sty
Package: secdot 2000/06/20 v1.0 section numbers with dots
)
(/usr/share/texmf-dist/tex/latex/setspace/setspace.sty
Package: setspace 2011/12/19 v6.7a set line spacing
))
(/usr/share/texmf-dist/tex/latex/amscls/amsthm.sty
Package: amsthm 2017/10/31 v2.20.4
\thm@style=\toks34
\thm@bodyfont=\toks35
\thm@headfont=\toks36
\thm@notefont=\toks37
\thm@headpunct=\toks38
\thm@preskip=\skip91
\thm@postskip=\skip92
\thm@headsep=\skip93
\dth@everypar=\toks39
)
(/usr/share/texmf-dist/tex/latex/tabu/tabu.sty
Package: tabu 2011/02/26 v2.8 - flexible LaTeX tabulars (FC)
\c@taburow=\count116
\tabu@nbcols=\count117
\tabu@cnt=\count118
\tabu@Xcol=\count119
\tabu@alloc=\count120
\tabu@nested=\count121
\tabu@target=\dimen143
\tabu@spreadtarget=\dimen144
\tabu@naturalX=\dimen145
\tabucolX=\dimen146
\tabu@Xsum=\dimen147
\extrarowdepth=\dimen148
\abovetabulinesep=\dimen149
\belowtabulinesep=\dimen150
\tabustrutrule=\dimen151
\tabu@thebody=\toks40
\tabu@footnotes=\toks41
\tabu@box=\box37
\tabu@arstrutbox=\box38
\tabu@hleads=\box39
\tabu@vleads=\box40
\tabu@cellskip=\skip94
)
\c@mydef=\count122
\c@theorem=\count123
 (./var.aux)
\openout1 = `var.aux'.

LaTeX Font Info:    Checking defaults for OML/cmm/m/it on input line 88.
LaTeX Font Info:    ... okay on input line 88.
LaTeX Font Info:    Checking defaults for T1/cmr/m/n on input line 88.
LaTeX Font Info:    ... okay on input line 88.
LaTeX Font Info:    Checking defaults for OT1/cmr/m/n on input line 88.
LaTeX Font Info:    ... okay on input line 88.
LaTeX Font Info:    Checking defaults for OMS/cmsy/m/n on input line 88.
LaTeX Font Info:    ... okay on input line 88.
LaTeX Font Info:    Checking defaults for OMX/cmex/m/n on input line 88.
LaTeX Font Info:    ... okay on input line 88.
LaTeX Font Info:    Checking defaults for U/cmr/m/n on input line 88.
LaTeX Font Info:    ... okay on input line 88.
LaTeX Font Info:    Checking defaults for T2A/cmr/m/n on input line 88.
LaTeX Font Info:    ... okay on input line 88.

(/usr/share/texmf-dist/tex/latex/ucs/ucsencs.def
File: ucsencs.def 2011/01/21 Fixes to fontencodings LGR, T3
)
(/usr/share/texmf-dist/tex/context/base/mkii/supp-pdf.mkii
[Loading MPS to PDF converter (version 2006.09.02).]
\scratchcounter=\count124
\scratchdimen=\dimen152
\scratchbox=\box41
\nofMPsegments=\count125
\nofMParguments=\count126
\everyMPshowfont=\toks42
\MPscratchCnt=\count127
\MPscratchDim=\dimen153
\MPnumerator=\count128
\makeMPintoPDFobject=\count129
\everyMPtoPDFconversion=\toks43
) (/usr/share/texmf-dist/tex/latex/oberdiek/epstopdf-base.sty
Package: epstopdf-base 2016/05/15 v2.6 Base part for package epstopdf

(/usr/share/texmf-dist/tex/latex/oberdiek/grfext.sty
Package: grfext 2016/05/16 v1.2 Manage graphics extensions (HO)

(/usr/share/texmf-dist/tex/generic/oberdiek/kvdefinekeys.sty
Package: kvdefinekeys 2016/05/16 v1.4 Define keys (HO)
))
(/usr/share/texmf-dist/tex/generic/oberdiek/pdftexcmds.sty
Package: pdftexcmds 2018/01/21 v0.26 Utility functions of pdfTeX for LuaTeX (HO
)
Package pdftexcmds Info: LuaTeX not detected.
Package pdftexcmds Info: \pdf@primitive is available.
Package pdftexcmds Info: \pdf@ifprimitive is available.
Package pdftexcmds Info: \pdfdraftmode found.
)
Package epstopdf-base Info: Redefining graphics rule for `.eps' on input line 4
38.
Package grfext Info: Graphics extension search list:
(grfext)             [.pdf,.png,.jpg,.mps,.jpeg,.jbig2,.jb2,.PDF,.PNG,.JPG,.JPE
G,.JBIG2,.JB2,.eps]
(grfext)             \AppendGraphicsExtensions on input line 456.

(/usr/share/texmf-dist/tex/latex/latexconfig/epstopdf-sys.cfg
File: epstopdf-sys.cfg 2010/07/13 v1.3 Configuration of (r)epstopdf for TeX Liv
e
))
*geometry* driver: auto-detecting
*geometry* detected driver: pdftex
*geometry* verbose mode - [ preamble ] result:
* driver: pdftex
* paper: a4paper
* layout: <same size as paper>
* layoutoffset:(h,v)=(0.0pt,0.0pt)
* modes: 
* h-part:(L,W,R)=(71.13188pt, 483.69687pt, 42.67912pt)
* v-part:(T,H,B)=(56.9055pt, 688.5567pt, 99.58464pt)
* \paperwidth=597.50787pt
* \paperheight=845.04684pt
* \textwidth=483.69687pt
* \textheight=688.5567pt
* \oddsidemargin=-1.1381pt
* \evensidemargin=-1.1381pt
* \topmargin=-54.36449pt
* \headheight=14.0pt
* \headsep=25.0pt
* \topskip=14.0pt
* \footskip=30.0pt
* \marginparwidth=15.0pt
* \marginparsep=10.0pt
* \columnsep=10.0pt
* \skip\footins=12.0pt plus 4.0pt minus 2.0pt
* \hoffset=0.0pt
* \voffset=0.0pt
* \mag=1000
* \@twocolumnfalse
* \@twosidefalse
* \@mparswitchfalse
* \@reversemarginfalse
* (1in=72.27pt=25.4mm, 1cm=28.453pt)

(./text/titlepage.tex (/usr/share/texmf-dist/tex/latex/ucs/data/uni-4.def
File: uni-4.def 2013/05/13 UCS: Unicode data U+0400..U+04FF
)
[1

{/var/lib/texmf/fonts/map/pdftex/updmap/pdftex.map}]) (./var.toc<<ot1.cmap>><<o
ml.cmap>><<oms.cmap>><<omx.cmap>>
LaTeX Font Info:    Try loading font information for U+msa on input line 2.

(/usr/share/texmf-dist/tex/latex/amsfonts/umsa.fd
File: umsa.fd 2013/01/14 v3.01 AMS symbols A
)
LaTeX Font Info:    Try loading font information for U+msb on input line 2.

(/usr/share/texmf-dist/tex/latex/amsfonts/umsb.fd
File: umsb.fd 2013/01/14 v3.01 AMS symbols B
)
LaTeX Font Info:    Try loading font information for U+esint on input line 2.

(/usr/share/texmf-dist/tex/latex/esint/uesint.fd
File: uesint.fd 
) [1])
\tf@toc=\write3
\openout3 = `var.toc'.

 [2] (./text/input.tex)
(./text/part1sect1.tex [3] (/usr/share/texmf-dist/tex/latex/ucs/data/uni-32.def
File: uni-32.def 2013/05/13 UCS: Unicode data U+2000..U+20FF
) [4] [5] (/usr/share/texmf-dist/tex/latex/ucs/data/uni-34.def
File: uni-34.def 2013/05/13 UCS: Unicode data U+2200..U+22FF
) [6] [7])
(./text/part1sect2.tex [8]

pdfTeX warning: pdflatex (file ./pic/pic1.pdf): PDF inclusion: found PDF versio
n <1.6>, but at most version <1.5> allowed
<pic/pic1.pdf, id=54, 220.9595pt x 132.78407pt>
File: pic/pic1.pdf Graphic file (type pdf)
<use pic/pic1.pdf>
Package pdftex.def Info: pic/pic1.pdf  used on input line 68.
(pdftex.def)             Requested size: 220.95894pt x 132.78374pt.

LaTeX Warning: `!h' float specifier changed to `!ht'.

[9]
LaTeX Font Info:    Try loading font information for U+euf on input line 102.
 (/usr/share/texmf-dist/tex/latex/amsfonts/ueuf.fd
File: ueuf.fd 2013/01/14 v3.01 Euler Fraktur
) [10 <./pic/pic1.pdf>]
[11]
Overfull \hbox (2.21465pt too wide) in paragraph at lines 167--168
[]\T2A/cmr/m/n/14.4 Для до-ка-за-тель-ства нам по-на-до-бят-ся лишь сле-ду-ю-щи
е оче-
 []

LaTeX Font Info:    Try loading font information for OMS+cmr on input line 170.

(/usr/share/texmf-dist/tex/latex/base/omscmr.fd
File: omscmr.fd 2014/09/29 v2.5h Standard LaTeX font definitions
)
LaTeX Font Info:    Font shape `OMS/cmr/m/n' in size <14.4> not available
(Font)              Font shape `OMS/cmsy/m/n' tried instead on input line 170.

Overfull \hbox (3.04059pt too wide) detected at line 204
\OML/cmm/m/it/14.4 A[] \OT1/cmr/m/n/14.4 = \OMS/cmsy/m/n/14.4 f[] \OML/cmm/m/it
/14.4 ;   \OMS/cmsy/m/n/14.4 ^^@ \OT1/cmr/m/n/14.4 2\OML/cmm/m/it/14.4 ^^Yn; [
] ;   \OMS/cmsy/m/n/14.4 ^^@ \OT1/cmr/m/n/14.4 4\OML/cmm/m/it/14.4 ^^Y;   \OMS
/cmsy/m/n/14.4 ^^@ \OT1/cmr/m/n/14.4 2\OML/cmm/m/it/14.4 ^^Y;  ;   \OT1/cmr/m/
n/14.4 + 2\OML/cmm/m/it/14.4 ^^Y;   \OT1/cmr/m/n/14.4 + 4\OML/cmm/m/it/14.4 ^^
Y; [] ;   \OT1/cmr/m/n/14.4 + 2\OML/cmm/m/it/14.4 ^^Yn; []\OMS/cmsy/m/n/14.4 
g
 []

[12] [13]
Overfull \hbox (2.15723pt too wide) in paragraph at lines 245--246
[]\T2A/cmr/m/n/14.4 Оставшуюся часть до-ка-за-тель-ства про-ве-дјм ме-то-дом от
 про-тив-но-го. Пред-
 []

[14]) (./text/part1sect3.tex
Overfull \hbox (3.1307pt too wide) in paragraph at lines 13--14
[]\T2A/cmr/m/n/14.4 Акс. $\OMS/cmsy/m/n/14.4 P\OT1/cmr/m/n/14.4 3$ \T2A/cmr/m/n
/14.4 (\T2A/cmr/m/it/14.4 счјт-ная ад-ди-тив-ность ве-ро-ят-но-сти как функ-ции
 мно-же-ства\T2A/cmr/m/n/14.4 ). 
 []

[15]
Overfull \hbox (3.41487pt too wide) in paragraph at lines 30--31
[]\T2A/cmr/bx/n/14.4 Определение 3.2. []\T2A/cmr/m/n/14.4 Трой-ка $\OT1/cmr/m/n
/14.4 (
\OML/cmm/m/it/14.4 ; []A\OT1/cmr/m/n/14.4 )\OML/cmm/m/it/14.4 ; \OT1/cmss/m/n/1
4.4 P\OT1/cmr/m/n/14.4 )$ \T2A/cmr/m/n/14.4 на-зы-ва-ет-ся \T2A/cmr/m/it/14.4 в
е-ро-ят-ност-ным про-стран-
 []



pdfTeX warning: pdflatex (file ./pic/pic2.pdf): PDF inclusion: found PDF versio
n <1.6>, but at most version <1.5> allowed
<pic/pic2.pdf, id=142, 247.0319pt x 171.8701pt>
File: pic/pic2.pdf Graphic file (type pdf)
<use pic/pic2.pdf>
Package pdftex.def Info: pic/pic2.pdf  used on input line 36.
(pdftex.def)             Requested size: 241.84843pt x 168.26369pt.
[16 <./pic/pic2.pdf>]) (./text/part1sect4.tex [17] [18]
Overfull \hbox (3.03123pt too wide) in paragraph at lines 73--75
[]\T2A/cmr/bx/n/14.4 Лемма-определение 4.6 \T2A/cmr/m/n/14.4 (Фор-му-ла ве-ро-я
т-но-сти на ко-неч-ном про-стран-стве)\T2A/cmr/bx/n/14.4 .
 []

[19] [20] [21] [22] [23] [24] [25]

pdfTeX warning: pdflatex (file ./pic/pic3.pdf): PDF inclusion: found PDF versio
n <1.6>, but at most version <1.5> allowed
<pic/pic3.pdf, id=183, 274.626pt x 140.15964pt>
File: pic/pic3.pdf Graphic file (type pdf)
<use pic/pic3.pdf>
Package pdftex.def Info: pic/pic3.pdf  used on input line 360.
(pdftex.def)             Requested size: 274.62532pt x 140.15927pt.


pdfTeX warning: pdflatex (file ./pic/pic4.pdf): PDF inclusion: found PDF versio
n <1.6>, but at most version <1.5> allowed
<pic/pic4.pdf, id=184, 187.46336pt x 117.38354pt>
File: pic/pic4.pdf Graphic file (type pdf)
<use pic/pic4.pdf>
Package pdftex.def Info: pic/pic4.pdf  used on input line 366.
(pdftex.def)             Requested size: 187.46289pt x 117.38326pt.
[26 <./pic/pic3.pdf> <./pic/pic4.pdf>]

pdfTeX warning: pdflatex (file ./pic/pic5.pdf): PDF inclusion: found PDF versio
n <1.6>, but at most version <1.5> allowed
<pic/pic5.pdf, id=272, 376.06898pt x 127.03963pt>
File: pic/pic5.pdf Graphic file (type pdf)
<use pic/pic5.pdf>
Package pdftex.def Info: pic/pic5.pdf  used on input line 397.
(pdftex.def)             Requested size: 376.06807pt x 127.0393pt.
[27 <./pic/pic5.pdf>]) (./text/part1sect5.tex [28]

pdfTeX warning: pdflatex (file ./pic/pic6.pdf): PDF inclusion: found PDF versio
n <1.6>, but at most version <1.5> allowed
<pic/pic6.pdf, id=339, 149.79562pt x 119.83571pt>
File: pic/pic6.pdf Graphic file (type pdf)
<use pic/pic6.pdf>
Package pdftex.def Info: pic/pic6.pdf  used on input line 52.
(pdftex.def)             Requested size: 241.84843pt x 193.4946pt.
[29 <./pic/pic6.pdf>]) (./text/part1sect6.tex
Overfull \hbox (3.48245pt too wide) in paragraph at lines 41--42
[]\T2A/cmr/bx/n/14.4 Теорема 6.4 \T2A/cmr/m/n/14.4 (Тео-ре-ма умно-же-ния для д
вух со-бы-тий)\T2A/cmr/bx/n/14.4 . []\T2A/cmr/m/it/14.4 Ес-ли $\OT1/cmss/m/n/14
.4 P\OT1/cmr/m/n/14.4 (\OML/cmm/m/it/14.4 B\OT1/cmr/m/n/14.4 ) \OML/cmm/m/it/14
.4 > \OT1/cmr/m/n/14.4 0$\T2A/cmr/m/it/14.4 , $\OT1/cmss/m/n/14.4 P\OT1/cmr/m/n
/14.4 (\OML/cmm/m/it/14.4 A\OT1/cmr/m/n/14.4 ) \OML/cmm/m/it/14.4 >
 []

[30])
Overfull \hbox (14.06891pt too wide) in paragraph at lines 124--124
[]\T2A/cmr/bx/n/20.74 Формула пол-ной ве-ро-ят-но-сти и фор-му-лы Бай-
 []

(./text/part1sect7.tex (/usr/share/texmf-dist/tex/latex/ucs/data/uni-0.def
File: uni-0.def 2013/05/13 UCS: Unicode data U+0000..U+00FF
)

pdfTeX warning: pdflatex (file ./pic/pic7.pdf): PDF inclusion: found PDF versio
n <1.6>, but at most version <1.5> allowed
<pic/pic7.pdf, id=405, 185.70279pt x 98.67966pt>
File: pic/pic7.pdf Graphic file (type pdf)
<use pic/pic7.pdf>
Package pdftex.def Info: pic/pic7.pdf  used on input line 44.
(pdftex.def)             Requested size: 241.84843pt x 128.52443pt.
[31] [32 <./pic/pic7.pdf>]) (./text/part1sect8.tex [33]

pdfTeX warning: pdflatex (file ./pic/pic8.pdf): PDF inclusion: found PDF versio
n <1.6>, but at most version <1.5> allowed
<pic/pic8.pdf, id=469, 348.48593pt x 140.63742pt>
File: pic/pic8.pdf Graphic file (type pdf)
<use pic/pic8.pdf>
Package pdftex.def Info: pic/pic8.pdf  used on input line 64.
(pdftex.def)             Requested size: 348.48506pt x 140.63705pt.
LaTeX Font Info:    Font shape `OMS/cmr/m/it' in size <14.4> not available
(Font)              Font shape `OMS/cmsy/m/n' tried instead on input line 74.
[34 <./pic/pic8.pdf>]) (./text/part1sect9.tex [35] [36])
(./text/part1sect10.tex [37]) (./text/part2sect11.tex
Overfull \hbox (3.85141pt too wide) in paragraph at lines 23--26
\T2A/cmr/m/n/14.4 щью тож-де-ствен-ной функ-ции $\OML/cmm/m/it/14.4 ^^X\OT1/cmr
/m/n/14.4 (\OML/cmm/m/it/14.4 !\OT1/cmr/m/n/14.4 ) = \OML/cmm/m/it/14.4 !$\T2A/
cmr/m/n/14.4 . В этом слу-чае со-бы-тие $\OML/cmm/m/it/14.4 ^^X[]\OT1/cmr/m/n/1
4.4 ((\OMS/cmsy/m/n/14.4 ^^@1\OML/cmm/m/it/14.4 ; x\OT1/cmr/m/n/14.4 ]) =
 []

[38]

pdfTeX warning: pdflatex (file ./pic/pic9.pdf): PDF inclusion: found PDF versio
n <1.6>, but at most version <1.5> allowed
<pic/pic9.pdf, id=533, 268.67877pt x 96.47543pt>
File: pic/pic9.pdf Graphic file (type pdf)
<use pic/pic9.pdf>
Package pdftex.def Info: pic/pic9.pdf  used on input line 41.
(pdftex.def)             Requested size: 268.6781pt x 96.47519pt.


pdfTeX warning: pdflatex (file ./pic/pic10.pdf): PDF inclusion: found PDF versi
on <1.6>, but at most version <1.5> allowed
<pic/pic10.pdf, id=534, 245.49316pt x 117.65857pt>
File: pic/pic10.pdf Graphic file (type pdf)
<use pic/pic10.pdf>
Package pdftex.def Info: pic/pic10.pdf  used on input line 72.
(pdftex.def)             Requested size: 245.49255pt x 117.65826pt.

LaTeX Warning: `!h' float specifier changed to `!ht'.



pdfTeX warning: pdflatex (file ./pic/pic11.pdf): PDF inclusion: found PDF versi
on <1.6>, but at most version <1.5> allowed
<pic/pic11.pdf, id=535, 321.81328pt x 157.40808pt>
File: pic/pic11.pdf Graphic file (type pdf)
<use pic/pic11.pdf>
Package pdftex.def Info: pic/pic11.pdf  used on input line 81.
(pdftex.def)             Requested size: 321.81248pt x 157.40768pt.
[39 <./pic/pic9.pdf>]

pdfTeX warning: pdflatex (file ./pic/pic12.pdf): PDF inclusion: found PDF versi
on <1.6>, but at most version <1.5> allowed
<pic/pic12.pdf, id=594, 400.93388pt x 160.062pt>
File: pic/pic12.pdf Graphic file (type pdf)
<use pic/pic12.pdf>
Package pdftex.def Info: pic/pic12.pdf  used on input line 103.
(pdftex.def)             Requested size: 400.9329pt x 160.06158pt.
[40 <./pic/pic10.pdf> <./pic/pic11.pdf>] [41 <./pic/pic12.pdf>]
Underfull \hbox (badness 10000) in paragraph at lines 196--198

 []

[42]) (./text/part2sect12.tex [43] [44]

pdfTeX warning: pdflatex (file ./pic/pic13.pdf): PDF inclusion: found PDF versi
on <1.6>, but at most version <1.5> allowed
<pic/pic13.pdf, id=767, 362.08275pt x 77.70029pt>
File: pic/pic13.pdf Graphic file (type pdf)
<use pic/pic13.pdf>
Package pdftex.def Info: pic/pic13.pdf  used on input line 121.
(pdftex.def)             Requested size: 362.08185pt x 77.70009pt.


pdfTeX warning: pdflatex (file ./pic/pic14.pdf): PDF inclusion: found PDF versi
on <1.6>, but at most version <1.5> allowed
<pic/pic14.pdf, id=768, 279.72102pt x 173.27133pt>
File: pic/pic14.pdf Graphic file (type pdf)
<use pic/pic14.pdf>
Package pdftex.def Info: pic/pic14.pdf  used on input line 127.
(pdftex.def)             Requested size: 279.72034pt x 173.27089pt.
[45 <./pic/pic13.pdf>]

pdfTeX warning: pdflatex (file ./pic/pic15.pdf): PDF inclusion: found PDF versi
on <1.6>, but at most version <1.5> allowed
<pic/pic15.pdf, id=837, 326.72865pt x 245.53232pt>
File: pic/pic15.pdf Graphic file (type pdf)
<use pic/pic15.pdf>
Package pdftex.def Info: pic/pic15.pdf  used on input line 166.
(pdftex.def)             Requested size: 326.72784pt x 245.53171pt.
[46 <./pic/pic14.pdf>]
Overfull \hbox (1.71204pt too wide) detected at line 173
\OT1/cmss/m/n/14.4 P\OT1/cmr/m/n/14.4 (\OML/cmm/m/it/14.4 a \OMS/cmsy/m/n/14.4 
^^@ \OML/cmm/m/it/14.4 ^^[ \OMS/cmsy/m/n/14.4 ^^T \OML/cmm/m/it/14.4 ^^X \OMS/c
msy/m/n/14.4 ^^T \OML/cmm/m/it/14.4 a \OT1/cmr/m/n/14.4 + \OML/cmm/m/it/14.4 ^^
[\OT1/cmr/m/n/14.4 ) = [] [] \OML/cmm/m/it/14.4 e[]dx \OT1/cmr/m/n/14.4 = [] []
 \OML/cmm/m/it/14.4 e[]dt \OT1/cmr/m/n/14.4 = 2^^H(1) \OMS/cmsy/m/n/14.4 ^^Y \O
T1/cmr/m/n/14.4 0\OML/cmm/m/it/14.4 :\OT1/cmr/m/n/14.4 6827
 []

) (./text/part2sect13.tex [47 <./pic/pic15.pdf>]

pdfTeX warning: pdflatex (file ./pic/pic16.pdf): PDF inclusion: found PDF versi
on <1.6>, but at most version <1.5> allowed
<pic/pic16.pdf, id=967, 308.352pt x 96.36pt>
File: pic/pic16.pdf Graphic file (type pdf)
<use pic/pic16.pdf>
Package pdftex.def Info: pic/pic16.pdf  used on input line 23.
(pdftex.def)             Requested size: 308.35124pt x 96.35974pt.


pdfTeX warning: pdflatex (file ./pic/pic17.pdf): PDF inclusion: found PDF versi
on <1.6>, but at most version <1.5> allowed
<pic/pic17.pdf, id=968, 217.84787pt x 90.25117pt>
File: pic/pic17.pdf Graphic file (type pdf)
<use pic/pic17.pdf>
Package pdftex.def Info: pic/pic17.pdf  used on input line 46.
(pdftex.def)             Requested size: 217.84734pt x 90.25095pt.
[48 <./pic/pic16.pdf> <./pic/pic17.pdf>] [49]

pdfTeX warning: pdflatex (file ./pic/pic18.pdf): PDF inclusion: found PDF versi
on <1.6>, but at most version <1.5> allowed
<pic/pic18.pdf, id=1073, 157.68109pt x 94.40068pt>
File: pic/pic18.pdf Graphic file (type pdf)
<use pic/pic18.pdf>
Package pdftex.def Info: pic/pic18.pdf  used on input line 168.
(pdftex.def)             Requested size: 157.6807pt x 94.40044pt.
[50 <./pic/pic18.pdf>] [51]

pdfTeX warning: pdflatex (file ./pic/pic19.pdf): PDF inclusion: found PDF versi
on <1.6>, but at most version <1.5> allowed
<pic/pic19.pdf, id=1124, 277.00087pt x 127.03963pt>
File: pic/pic19.pdf Graphic file (type pdf)
<use pic/pic19.pdf>
Package pdftex.def Info: pic/pic19.pdf  used on input line 265.
(pdftex.def)             Requested size: 277.00018pt x 127.0393pt.


pdfTeX warning: pdflatex (file ./pic/pic20.pdf): PDF inclusion: found PDF versi
on <1.6>, but at most version <1.5> allowed
<pic/pic20.pdf, id=1125, 272.82828pt x 151.45584pt>
File: pic/pic20.pdf Graphic file (type pdf)
<use pic/pic20.pdf>
Package pdftex.def Info: pic/pic20.pdf  used on input line 271.
(pdftex.def)             Requested size: 272.8276pt x 151.45546pt.
[52]) (./text/part2sect14.tex [53 <./pic/pic19.pdf> <./pic/pic20.pdf>] [54]
Overfull \hbox (3.19104pt too wide) in paragraph at lines 90--91
\T2A/cmr/m/it/14.4 чай-ная ве-ли-чи-на, име-ю-щая функ-цию рас-пре-де-ле-ния $\
OML/cmm/m/it/14.4 F[]\OT1/cmr/m/n/14.4 (\OML/cmm/m/it/14.4 x\OT1/cmr/m/n/14.4 )
$ \T2A/cmr/m/it/14.4 и плот-ность $\OML/cmm/m/it/14.4 f[]\OT1/cmr/m/n/14.4 (\OM
L/cmm/m/it/14.4 x\OT1/cmr/m/n/14.4 )$\T2A/cmr/m/it/14.4 ,
 []

) (./text/part2sect15.tex [55] [56] [57]
Overfull \hbox (4.35709pt too wide) detected at line 156
\OT1/cmr/m/n/14.4 = [] [] [] \OML/cmm/m/it/14.4 ;
 []



pdfTeX warning: pdflatex (file ./pic/pic21.pdf): PDF inclusion: found PDF versi
on <1.6>, but at most version <1.5> allowed
<pic/pic21.pdf, id=1233, 434.27896pt x 191.84474pt>
File: pic/pic21.pdf Graphic file (type pdf)
<use pic/pic21.pdf>
Package pdftex.def Info: pic/pic21.pdf  used on input line 163.
(pdftex.def)             Requested size: 434.2779pt x 191.84427pt.
) (./text/part2sect16.tex [58 <./pic/pic21.pdf>]

pdfTeX warning: pdflatex (file ./pic/pic22.pdf): PDF inclusion: found PDF versi
on <1.6>, but at most version <1.5> allowed
<pic/pic22.pdf, id=1296, 396.65892pt x 124.32047pt>
File: pic/pic22.pdf Graphic file (type pdf)
<use pic/pic22.pdf>
Package pdftex.def Info: pic/pic22.pdf  used on input line 26.
(pdftex.def)             Requested size: 396.65794pt x 124.32014pt.
[59 <./pic/pic22.pdf>] [60] [61]) (./text/part2sect17.tex
Overfull \hbox (10.54889pt too wide) in paragraph at lines 4--6
[]\T2A/cmr/m/n/14.4 Начальным мо-мен-том n-го по-ряд-ка дис-крет-ной слу-
 []

[62]
Overfull \hbox (6.34816pt too wide) in paragraph at lines 42--44
[]\T2A/cmr/m/n/14.4 Пусть слу-чай-ная ве-ли-чи-на $\OML/cmm/m/it/14.4 ^^X$ \T2A
/cmr/m/n/14.4 име-ет нор-маль-ное рас-пре-де-ле-ние (см. опред.
 []


Overfull \hbox (6.14375pt too wide) in paragraph at lines 53--56
\T2A/cmr/m/n/14.4 совпадает со сред-ним ариф-ме-ти-че-ским ве-ли-чин $\OT1/cmr/
m/n/14.4 ([]\OML/cmm/m/it/14.4 ; [] ; []$ 
 []



pdfTeX warning: pdflatex (file ./pic/pic23.pdf): PDF inclusion: found PDF versi
on <1.6>, but at most version <1.5> allowed
<pic/pic23.pdf, id=1387, 421.52382pt x 190.3652pt>
File: pic/pic23.pdf Graphic file (type pdf)
<use pic/pic23.pdf>
Package pdftex.def Info: pic/pic23.pdf  used on input line 64.
(pdftex.def)             Requested size: 421.52278pt x 190.36473pt.
[63]
Overfull \hbox (19.54799pt too wide) in paragraph at lines 75--79
[]\T2A/cmr/m/it/14.4 Для лю-бо-го аб-со-лют-но непре-рыв-но-го слу-чай-но-го ве
к-то-ра $\OML/cmm/m/it/14.4 ^^X \OT1/cmr/m/n/14.4 = (\OML/cmm/m/it/14.4 ^^X[]; 
[] ; ^^X[]\OT1/cmr/m/n/14.4 ) \OMS/cmsy/m/n/14.4 2
 []

[64 <./pic/pic23.pdf>] [65]

pdfTeX warning: pdflatex (file ./pic/pic24.pdf): PDF inclusion: found PDF versi
on <1.6>, but at most version <1.5> allowed
<pic/pic24.pdf, id=1453, 213.69836pt x 147.30634pt>
File: pic/pic24.pdf Graphic file (type pdf)
<use pic/pic24.pdf>
Package pdftex.def Info: pic/pic24.pdf  used on input line 176.
(pdftex.def)             Requested size: 213.69783pt x 147.30595pt.
[66 <./pic/pic24.pdf>]) (./text/part2sect18.tex [67] [68]
Overfull \hbox (14.8053pt too wide) in paragraph at lines 89--91
\OML/cmm/m/it/14.4 ^^X$\T2A/cmr/m/n/14.4 , име-ю-щей би-но-ми-аль-ное рас-пре-д
е-ле-ние, т.е. $\OML/cmm/m/it/14.4 ^^X$ \T2A/cmr/m/n/14.4 при-ни-ма-ет зна-че-н
ия $\OT1/cmr/m/n/14.4 0\OML/cmm/m/it/14.4 ; \OT1/cmr/m/n/14.4 1\OML/cmm/m/it/14
.4 ; \OT1/cmr/m/n/14.4 2\OML/cmm/m/it/14.4 ; [] ; n$
 []

)
Overfull \hbox (4.81615pt too wide) in paragraph at lines 165--165
[]\T2A/cmr/bx/n/20.74 Числовые ха-рак-те-ри-сти-ки за-ви-си-мо-сти слу-
 []

(./text/part2sect19.tex [69] [70] [71] [72]
Overfull \hbox (9.07565pt too wide) in paragraph at lines 165--166
[]\T2A/cmr/m/n/14.4 Косвенно мы уже это до-ка-за-ли, см. пп. 19.5.6) и 19.3.1).
 
 []

[73] [74]
Overfull \hbox (0.35486pt too wide) detected at line 312
\OML/cmm/m/it/14.4 ^^Z\OT1/cmr/m/n/14.4 (\OML/cmm/m/it/14.4 ^^X[]; ^^X[]\OT1/cm
r/m/n/14.4 ) = [] = [] = [] = \OMS/cmsy/m/n/14.4 ^^@[]
 []

)
Overfull \hbox (3.66136pt too wide) in paragraph at lines 173--173
[]\T2A/cmr/bx/n/20.74 Неравенство Бье-не-ме^^UЧебышјва и нера-вен-
 []

(./text/part3sect20.tex [75] [76] [77]) (./text/part3sect21.tex
Overfull \hbox (0.60393pt too wide) in paragraph at lines 3--5
[]\T2A/cmr/m/it/14.4 Замечание \T2A/cmr/m/n/14.4 21.1\T2A/cmr/m/it/14.4 . []\T2
A/cmr/m/n/14.4 На-пом-ним, что по опред. 11.1 слу-чай-ная ве-ли-чи-на есть функ
-
 []

[78] [79] [80]
Overfull \hbox (10.92288pt too wide) in paragraph at lines 107--109
\T2A/cmr/m/n/14.4 тель-ность слу-чай-ных ве-ли-чин $\OMS/cmsy/m/n/14.4 f\OML/cm
m/m/it/14.4 ^^X[]\OMS/cmsy/m/n/14.4 g[]$ \T2A/cmr/m/n/14.4 с функ-ци-я-ми рас-п
ре-де-ле-ния $\OMS/cmsy/m/n/14.4 f\OML/cmm/m/it/14.4 F[]\OT1/cmr/m/n/14.4 (\OML
/cmm/m/it/14.4 x\OT1/cmr/m/n/14.4 )\OMS/cmsy/m/n/14.4 g[]$\T2A/cmr/m/n/14.4 ,
 []

) (./text/part3sect22.tex [81] [82] [83]
Overfull \hbox (3.86052pt too wide) in paragraph at lines 136--137
[]\T2A/cmr/m/n/14.4 Для до-ка-за-тель-ства до-ста-точ-но под-ста-вить $[] [] \O
T1/cmss/m/n/14.4 M\OML/cmm/m/it/14.4 ^^X[]$ \T2A/cmr/m/n/14.4 в ЗБЧ
 []

[84])
Overfull \hbox (20.90155pt too wide) in paragraph at lines 184--184
[]\T2A/cmr/bx/n/20.74 Предельные тео-ре-мы для би-но-ми-аль-но-го рас-
 []

(./text/part3sect23.tex
Overfull \hbox (0.13805pt too wide) in paragraph at lines 14--15
[]\T2A/cmr/bx/n/14.4 Определение 23.2. []\T2A/cmr/m/n/14.4 Дис-крет-ная слу-чай
-ная ве-ли-чи-на $\OML/cmm/m/it/14.4 ^^X$ \T2A/cmr/m/n/14.4 со счјт-ным про-стр
ан-
 []

[85]

pdfTeX warning: pdflatex (file ./pic/pic25.pdf): PDF inclusion: found PDF versi
on <1.6>, but at most version <1.5> allowed
<pic/pic25.pdf, id=1570, 426.61081pt x 282.50946pt>
File: pic/pic25.pdf Graphic file (type pdf)
<use pic/pic25.pdf>
Package pdftex.def Info: pic/pic25.pdf  used on input line 22.
(pdftex.def)             Requested size: 426.60976pt x 282.50876pt.
[86 <./pic/pic25.pdf>] [87]
Overfull \hbox (6.76196pt too wide) in paragraph at lines 115--116
[]\T2A/cmr/bx/n/14.4 Замечание 23.7. []\T2A/cmr/m/n/14.4 Ло-каль-ная тео-ре-ма 
Му-ав-ра до-став-ля-ет при-бли-жјн-ную фор-
 []

[88] [89]) (./text/part3sect24.tex [90] [91] [92]
Overfull \hbox (3.07652pt too wide) in paragraph at lines 137--141
[]\T2A/cmr/bx/n/14.4 Лемма 24.12. []\T2A/cmr/m/it/14.4 Ес-ли су-ще-ству-ют на-ч
аль-ные мо-мен-ты $\OT1/cmss/m/n/14.4 M\OML/cmm/m/it/14.4 ^^X; \OT1/cmss/m/n/14
.4 M\OML/cmm/m/it/14.4 ^^X[]; [] ; \OT1/cmss/m/n/14.4 M\OML/cmm/m/it/14.4 ^^X[]
$ \T2A/cmr/m/it/14.4 слу-
 []


Overfull \hbox (12.69408pt too wide) in paragraph at lines 148--150
[]\T2A/cmr/m/n/14.4 подставим вы-ра-же-ния для $\OT1/cmr/m/n/14.4 ^^B[](0)\OML/
cmm/m/it/14.4 ; \OT1/cmr/m/n/14.4 ^^B[](0)\OML/cmm/m/it/14.4 ; [] ; \OT1/cmr/m/
n/14.4 ^^B[](0)$\T2A/cmr/m/n/14.4 , до-став-ля-е-мые теор. 24.11,
 []

) (./text/part3sect25.tex [93] [94]) (./text/part3sect26.tex [95] [96] [97]
Overfull \hbox (26.59302pt too wide) in paragraph at lines 115--119
\T2A/cmr/m/n/14.4 то это озна-ча-ет, что по-сле-до-ва-тель-ность ха-рак-те-ри-с
ти-че-ских функ-ций $[][]$
 []


Overfull \hbox (30.07825pt too wide) in paragraph at lines 120--122
\T2A/cmr/m/n/14.4 дарт-но-го нор-маль-но-го рас-пре-де-ле-ния с плот-но-стью ве
-ро-ят-но-сти $\OML/cmm/m/it/14.4 f[]\OT1/cmr/m/n/14.4 (\OML/cmm/m/it/14.4 x\OT
1/cmr/m/n/14.4 ) = []\OML/cmm/m/it/14.4 e[]$\T2A/cmr/m/n/14.4 . 
 []

[98]
Overfull \hbox (19.85121pt too wide) in paragraph at lines 182--183
[]\T2A/cmr/m/n/14.4 В ка-че-стве след-ствия из ЦПТ до-ка-жем пре-дель-ную тео-р
е-му Муавра-Лапласа.
 []

[99]) (./text/part3sect27.tex [100]
Overfull \hbox (37.36153pt too wide) in paragraph at lines 27--39
[]\T2A/cmr/bx/n/14.4 Замечание 27.3. []\T2A/cmr/m/n/14.4 Так как по-верх-но-сти
 рав-ной ве-ро-ят-но-сти, то есть $\OML/cmm/m/it/14.4 f[]\OT1/cmr/m/n/14.4 (\OM
L/cmm/m/it/14.4 x[]; [] ; x[]\OT1/cmr/m/n/14.4 ) =
 []

[101]

pdfTeX warning: pdflatex (file ./pic/pic26.pdf): PDF inclusion: found PDF versi
on <1.6>, but at most version <1.5> allowed
<pic/pic26.pdf, id=1657, 237.37383pt x 182.98462pt>
File: pic/pic26.pdf Graphic file (type pdf)
<use pic/pic26.pdf>
Package pdftex.def Info: pic/pic26.pdf  used on input line 65.
(pdftex.def)             Requested size: 237.37323pt x 182.98416pt.
[102 <./pic/pic26.pdf>] [103]
Overfull \hbox (5.22797pt too wide) in paragraph at lines 146--147
[]\T2A/cmr/bx/n/14.4 Замечание 27.9. []\T2A/cmr/m/n/14.4 Лег-ко про-ве-рить, чт
о по-сле-до-ва-тель-ность от-но-ше-ний Стью-
 []

) (./text/part3sect28.tex
Underfull \hbox (badness 10000) in paragraph at lines 9--10

 []

[104]
Underfull \hbox (badness 10000) in paragraph at lines 11--12

 []

[105] [106]) [107] [108] (./var.aux) ) 
Here is how much of TeX's memory you used:
 9773 strings out of 492982
 131360 string characters out of 6138580
 206941 words of memory out of 5000000
 12895 multiletter control sequences out of 15000+600000
 31171 words of font info for 91 fonts, out of 8000000 for 9000
 1141 hyphenation exceptions out of 8191
 68i,17n,45p,1078b,703s stack positions out of 5000i,500n,10000p,200000b,80000s
{/usr/share/texmf-dist/fonts/enc/dvips/cm
-super/cm-super-t2a.enc}</usr/share/texmf-dist/fonts/type1/public/amsfonts/cm/c
mbx12.pfb></usr/share/texmf-dist/fonts/type1/public/amsfonts/cm/cmex10.pfb></us
r/share/texmf-dist/fonts/type1/public/amsfonts/cm/cmmi10.pfb></usr/share/texmf-
dist/fonts/type1/public/amsfonts/cm/cmmi12.pfb></usr/share/texmf-dist/fonts/typ
e1/public/amsfonts/cm/cmmi6.pfb></usr/share/texmf-dist/fonts/type1/public/amsfo
nts/cm/cmmi7.pfb></usr/share/texmf-dist/fonts/type1/public/amsfonts/cm/cmmi8.pf
b></usr/share/texmf-dist/fonts/type1/public/amsfonts/cm/cmr10.pfb></usr/share/t
exmf-dist/fonts/type1/public/amsfonts/cm/cmr12.pfb></usr/share/texmf-dist/fonts
/type1/public/amsfonts/cm/cmr6.pfb></usr/share/texmf-dist/fonts/type1/public/am
sfonts/cm/cmr7.pfb></usr/share/texmf-dist/fonts/type1/public/amsfonts/cm/cmr8.p
fb></usr/share/texmf-dist/fonts/type1/public/amsfonts/cm/cmss10.pfb></usr/share
/texmf-dist/fonts/type1/public/amsfonts/cm/cmss12.pfb></usr/share/texmf-dist/fo
nts/type1/public/amsfonts/cm/cmsy10.pfb></usr/share/texmf-dist/fonts/type1/publ
ic/amsfonts/cm/cmsy7.pfb></usr/share/texmf-dist/fonts/type1/public/amsfonts/cm/
cmsy8.pfb></usr/share/texmf-dist/fonts/type1/public/esint-type1/esint10.pfb></u
sr/share/texmf-dist/fonts/type1/public/amsfonts/euler/eufm10.pfb></usr/share/te
xmf-dist/fonts/type1/public/amsfonts/symbols/msam10.pfb></usr/share/texmf-dist/
fonts/type1/public/amsfonts/symbols/msbm10.pfb></usr/share/texmf-dist/fonts/typ
e1/public/cm-super/sfbx1440.pfb></usr/share/texmf-dist/fonts/type1/public/cm-su
per/sfbx1728.pfb></usr/share/texmf-dist/fonts/type1/public/cm-super/sfbx2074.pf
b></usr/share/texmf-dist/fonts/type1/public/cm-super/sfbx2986.pfb></usr/share/t
exmf-dist/fonts/type1/public/cm-super/sfbx3583.pfb></usr/share/texmf-dist/fonts
/type1/public/cm-super/sfcc1200.pfb></usr/share/texmf-dist/fonts/type1/public/c
m-super/sfrm0700.pfb></usr/share/texmf-dist/fonts/type1/public/cm-super/sfrm100
0.pfb></usr/share/texmf-dist/fonts/type1/public/cm-super/sfrm1440.pfb></usr/sha
re/texmf-dist/fonts/type1/public/cm-super/sfrm2074.pfb></usr/share/texmf-dist/f
onts/type1/public/cm-super/sfti1440.pfb>
Output written on var.pdf (109 pages, 3698962 bytes).
PDF statistics:
 1810 PDF objects out of 2073 (max. 8388607)
 1361 compressed objects within 14 object streams
 0 named destinations out of 1000 (max. 500000)
 151 words of extra memory for PDF output out of 10000 (max. 10000000)

