\BOOKMARK [0][-]{part.1}{I \040 \040}{}% 1
\BOOKMARK [1][-]{section.1}{ . \040}{part.1}% 2
\BOOKMARK [2][-]{subsection.1.1}{ \040}{section.1}% 3
\BOOKMARK [2][-]{subsection.1.2}{ \040 \040 \040 }{section.1}% 4
\BOOKMARK [2][-]{subsection.1.3}{ \040 \040 \040 }{section.1}% 5
\BOOKMARK [2][-]{subsection.1.4}{ \040 \040 \040 }{section.1}% 6
\BOOKMARK [2][-]{subsection.1.5}{ \040 \040 \040 }{section.1}% 7
\BOOKMARK [1][-]{section.2}{, \040 \040 - }{part.1}% 8
\BOOKMARK [1][-]{section.3}{ \040 }{part.1}% 9
\BOOKMARK [1][-]{section.4}{ \040 \040}{part.1}% 10
\BOOKMARK [2][-]{subsection.4.1}{ \040}{section.4}% 11
\BOOKMARK [2][-]{subsection.4.2}{ \040 .}{section.4}% 12
\BOOKMARK [2][-]{subsection.4.3}{ }{section.4}% 13
\BOOKMARK [2][-]{subsection.4.4}{ \040 }{section.4}% 14
\BOOKMARK [2][-]{subsection.4.5}{ }{section.4}% 15
\BOOKMARK [1][-]{section.5}{ }{part.1}% 16
\BOOKMARK [1][-]{section.6}{ }{part.1}% 17
\BOOKMARK [1][-]{section.7}{ \040 \040 }{part.1}% 18
\BOOKMARK [1][-]{section.8}{ }{part.1}% 19
\BOOKMARK [1][-]{section.9}{k- }{part.1}% 20
\BOOKMARK [1][-]{section.10}{ }{part.1}% 21
\BOOKMARK [0][-]{part.2}{II \040 }{}% 22
\BOOKMARK [1][-]{section.11}{ }{part.2}% 23
\BOOKMARK [1][-]{section.12}{ \040 }{part.2}% 24
\BOOKMARK [1][-]{section.13}{ \040 }{part.2}% 25
\BOOKMARK [1][-]{section.14}{ \040 }{part.2}% 26
\BOOKMARK [1][-]{section.15}{ \040 \040}{part.2}% 27
\BOOKMARK [1][-]{section.16}{ \040 \040}{part.2}% 28
\BOOKMARK [1][-]{section.17}{ }{part.2}% 29
\BOOKMARK [1][-]{section.18}{}{part.2}% 30
\BOOKMARK [1][-]{section.19}{ \040 \040}{part.2}% 31
\BOOKMARK [0][-]{part.3}{III \040 }{}% 32
\BOOKMARK [1][-]{section.20}{ \205 \040 }{part.3}% 33
\BOOKMARK [1][-]{section.21}{ \040}{part.3}% 34
\BOOKMARK [1][-]{section.22}{ \040}{part.3}% 35
\BOOKMARK [1][-]{section.23}{ \040 \040}{part.3}% 36
\BOOKMARK [2][-]{subsection.23.1}{ }{section.23}% 37
\BOOKMARK [2][-]{subsection.23.2}{ }{section.23}% 38
\BOOKMARK [1][-]{section.24}{ }{part.3}% 39
\BOOKMARK [1][-]{section.25}{ \040}{part.3}% 40
\BOOKMARK [1][-]{section.26}{ \040}{part.3}% 41
\BOOKMARK [1][-]{section.27}{, 2- \040 }{part.3}% 42
\BOOKMARK [2][-]{subsection.27.1}{ }{section.27}% 43
\BOOKMARK [2][-]{subsection.27.2}{\205 \0402\205 }{section.27}% 44
\BOOKMARK [2][-]{subsection.27.3}{ \040}{section.27}% 45
\BOOKMARK [1][-]{section.28}{ }{part.3}% 46
