This is pdfTeX, Version 3.14159265-2.6-1.40.18 (TeX Live 2017/Arch Linux) (preloaded format=pdflatex 2018.4.1)  14 JUN 2018 14:37
entering extended mode
 restricted \write18 enabled.
 %&-line parsing enabled.
**titlepage.tex
(./titlepage.tex
LaTeX2e <2017-04-15>
Babel <3.18> and hyphenation patterns for 84 language(s) loaded.

! LaTeX Error: Environment titlepage undefined.

See the LaTeX manual or LaTeX Companion for explanation.
Type  H <return>  for immediate help.
 ...                                              
                                                  
l.1 \begin{titlepage}
                     
Your command was ignored.
Type  I <command> <return>  to replace it with another command,
or  <return>  to continue without it.


! LaTeX Error: Missing \begin{document}.

See the LaTeX manual or LaTeX Companion for explanation.
Type  H <return>  for immediate help.
 ...                                              
                                                  
l.3 \begin{center}
                  
You're in trouble here.  Try typing  <return>  to proceed.
If that doesn't work, type  X <return>  to quit.


Overfull \hbox (20.0pt too wide) in paragraph at lines 3--3
[] 
 []

! Undefined control sequence.
l.5 {\small
           \textsc{–ù–∏–∂–µ–≥–æ—Ä–æ–¥—Å–∫–∏–π –≥–æ—Å—É–¥–∞—Ä—Å—Ç–≤–µ–Ω–Ω—ã–π...
The control sequence at the end of the top line
of your error message was never \def'ed. If you have
misspelled it (e.g., `\hobx'), type `I' and the correct
spelling (e.g., `I\hbox'). Otherwise just continue,
and I'll forget about whatever was undefined.

Missing character: There is no – in font cmcsc10!
Missing character: There is no ù in font cmcsc10!
Missing character: There is no – in font cmcsc10!
Missing character: There is no ∏ in font cmcsc10!
Missing character: There is no – in font cmcsc10!
Missing character: There is no ∂ in font cmcsc10!
Missing character: There is no – in font cmcsc10!
Missing character: There is no µ in font cmcsc10!
Missing character: There is no – in font cmcsc10!
Missing character: There is no ≥ in font cmcsc10!
Missing character: There is no – in font cmcsc10!
Missing character: There is no æ in font cmcsc10!
Missing character: There is no — in font cmcsc10!
Missing character: There is no Ä in font cmcsc10!
Missing character: There is no – in font cmcsc10!
Missing character: There is no æ in font cmcsc10!
Missing character: There is no – in font cmcsc10!
Missing character: There is no ¥ in font cmcsc10!
Missing character: There is no — in font cmcsc10!
Missing character: There is no Å in font cmcsc10!
Missing character: There is no – in font cmcsc10!
Missing character: There is no ∫ in font cmcsc10!
Missing character: There is no – in font cmcsc10!
Missing character: There is no ∏ in font cmcsc10!
Missing character: There is no – in font cmcsc10!
Missing character: There is no π in font cmcsc10!
Missing character: There is no – in font cmcsc10!
Missing character: There is no ≥ in font cmcsc10!
Missing character: There is no – in font cmcsc10!
Missing character: There is no æ in font cmcsc10!
Missing character: There is no — in font cmcsc10!
Missing character: There is no Å in font cmcsc10!
Missing character: There is no — in font cmcsc10!
Missing character: There is no É in font cmcsc10!
Missing character: There is no – in font cmcsc10!
Missing character: There is no ¥ in font cmcsc10!
Missing character: There is no – in font cmcsc10!
Missing character: There is no ∞ in font cmcsc10!
Missing character: There is no — in font cmcsc10!
Missing character: There is no Ä in font cmcsc10!
Missing character: There is no — in font cmcsc10!
Missing character: There is no Å in font cmcsc10!
Missing character: There is no — in font cmcsc10!
Missing character: There is no Ç in font cmcsc10!
Missing character: There is no – in font cmcsc10!
Missing character: There is no ≤ in font cmcsc10!
Missing character: There is no – in font cmcsc10!
Missing character: There is no µ in font cmcsc10!
Missing character: There is no – in font cmcsc10!
Missing character: There is no Ω in font cmcsc10!
Missing character: There is no – in font cmcsc10!
Missing character: There is no Ω in font cmcsc10!
Missing character: There is no — in font cmcsc10!
Missing character: There is no ã in font cmcsc10!
Missing character: There is no – in font cmcsc10!
Missing character: There is no π in font cmcsc10!
Missing character: There is no — in font cmcsc10!
Missing character: There is no É in font cmcsc10!
Missing character: There is no – in font cmcsc10!
Missing character: There is no Ω in font cmcsc10!
Missing character: There is no – in font cmcsc10!
Missing character: There is no ∏ in font cmcsc10!
Missing character: There is no – in font cmcsc10!
Missing character: There is no ≤ in font cmcsc10!
Missing character: There is no – in font cmcsc10!
Missing character: There is no µ in font cmcsc10!
Missing character: There is no — in font cmcsc10!
Missing character: There is no Ä in font cmcsc10!
Missing character: There is no — in font cmcsc10!
Missing character: There is no Å in font cmcsc10!
Missing character: There is no – in font cmcsc10!
Missing character: There is no ∏ in font cmcsc10!
Missing character: There is no — in font cmcsc10!
Missing character: There is no Ç in font cmcsc10!
Missing character: There is no – in font cmcsc10!
Missing character: There is no µ in font cmcsc10!
Missing character: There is no — in font cmcsc10!
Missing character: There is no Ç in font cmcsc10!
Missing character: There is no – in font cmcsc10!
Missing character: There is no ∏ in font cmcsc10!
Missing character: There is no – in font cmcsc10!
Missing character: There is no º in font cmcsc10!
Missing character: There is no – in font cmcsc10!
Missing character: There is no µ in font cmcsc10!
Missing character: There is no – in font cmcsc10!
Missing character: There is no Ω in font cmcsc10!
Missing character: There is no – in font cmcsc10!
Missing character: There is no ∏ in font cmcsc10!
Missing character: There is no – in font cmcsc10!
Missing character: There is no ù in font cmcsc10!
Missing character: There is no – in font cmcsc10!
Missing character: There is no ò in font cmcsc10!
Missing character: There is no – in font cmcsc10!
Missing character: There is no õ in font cmcsc10!
Missing character: There is no – in font cmcsc10!
Missing character: There is no æ in font cmcsc10!
Missing character: There is no – in font cmcsc10!
Missing character: There is no ± in font cmcsc10!
Missing character: There is no – in font cmcsc10!
Missing character: There is no ∞ in font cmcsc10!
Missing character: There is no — in font cmcsc10!
Missing character: There is no á in font cmcsc10!
Missing character: There is no – in font cmcsc10!
Missing character: There is no µ in font cmcsc10!
Missing character: There is no – in font cmcsc10!
Missing character: There is no ≤ in font cmcsc10!
Missing character: There is no — in font cmcsc10!
Missing character: There is no Å in font cmcsc10!
Missing character: There is no – in font cmcsc10!
Missing character: There is no ∫ in font cmcsc10!
Missing character: There is no – in font cmcsc10!
Missing character: There is no æ in font cmcsc10!
Missing character: There is no – in font cmcsc10!
Missing character: There is no ≥ in font cmcsc10!
Missing character: There is no – in font cmcsc10!
Missing character: There is no æ in font cmcsc10!

Overfull \hbox (8.23141pt too wide) in paragraph at lines 5--6
 \OT1/cmr/m/sc/10 .. 
 []

! Undefined control sequence.
l.7 {\small
           \textsc{–†–∞–¥–∏–æ—Ñ–∏–∑–∏—á–µ—Å–∫–∏–π —Ñ–∞–∫—É–ª—å—Ç–µ—Ç}}
The control sequence at the end of the top line
of your error message was never \def'ed. If you have
misspelled it (e.g., `\hobx'), type `I' and the correct
spelling (e.g., `I\hbox'). Otherwise just continue,
and I'll forget about whatever was undefined.

Missing character: There is no – in font cmcsc10!
Missing character: There is no † in font cmcsc10!
Missing character: There is no – in font cmcsc10!
Missing character: There is no ∞ in font cmcsc10!
Missing character: There is no – in font cmcsc10!
Missing character: There is no ¥ in font cmcsc10!
Missing character: There is no – in font cmcsc10!
Missing character: There is no ∏ in font cmcsc10!
Missing character: There is no – in font cmcsc10!
Missing character: There is no æ in font cmcsc10!
Missing character: There is no — in font cmcsc10!
Missing character: There is no Ñ in font cmcsc10!
Missing character: There is no – in font cmcsc10!
Missing character: There is no ∏ in font cmcsc10!
Missing character: There is no – in font cmcsc10!
Missing character: There is no ∑ in font cmcsc10!
Missing character: There is no – in font cmcsc10!
Missing character: There is no ∏ in font cmcsc10!
Missing character: There is no — in font cmcsc10!
Missing character: There is no á in font cmcsc10!
Missing character: There is no – in font cmcsc10!
Missing character: There is no µ in font cmcsc10!
Missing character: There is no — in font cmcsc10!
Missing character: There is no Å in font cmcsc10!
Missing character: There is no – in font cmcsc10!
Missing character: There is no ∫ in font cmcsc10!
Missing character: There is no – in font cmcsc10!
Missing character: There is no ∏ in font cmcsc10!
Missing character: There is no – in font cmcsc10!
Missing character: There is no π in font cmcsc10!
Missing character: There is no — in font cmcsc10!
Missing character: There is no Ñ in font cmcsc10!
Missing character: There is no – in font cmcsc10!
Missing character: There is no ∞ in font cmcsc10!
Missing character: There is no – in font cmcsc10!
Missing character: There is no ∫ in font cmcsc10!
Missing character: There is no — in font cmcsc10!
Missing character: There is no É in font cmcsc10!
Missing character: There is no – in font cmcsc10!
Missing character: There is no ª in font cmcsc10!
Missing character: There is no — in font cmcsc10!
Missing character: There is no å in font cmcsc10!
Missing character: There is no — in font cmcsc10!
Missing character: There is no Ç in font cmcsc10!
Missing character: There is no – in font cmcsc10!
Missing character: There is no µ in font cmcsc10!
Missing character: There is no — in font cmcsc10!
Missing character: There is no Ç in font cmcsc10!
Missing character: There is no – in font nullfont!
Missing character: There is no ú in font nullfont!
Missing character: There is no – in font nullfont!
Missing character: There is no µ in font nullfont!
Missing character: There is no — in font nullfont!
Missing character: There is no Ç in font nullfont!
Missing character: There is no – in font nullfont!
Missing character: There is no æ in font nullfont!
Missing character: There is no – in font nullfont!
Missing character: There is no ¥ in font nullfont!
Missing character: There is no – in font nullfont!
Missing character: There is no ∏ in font nullfont!
Missing character: There is no — in font nullfont!
Missing character: There is no á in font nullfont!
Missing character: There is no – in font nullfont!
Missing character: There is no µ in font nullfont!
Missing character: There is no — in font nullfont!
Missing character: There is no Å in font nullfont!
Missing character: There is no – in font nullfont!
Missing character: There is no ∫ in font nullfont!
Missing character: There is no – in font nullfont!
Missing character: There is no æ in font nullfont!
Missing character: There is no – in font nullfont!
Missing character: There is no µ in font nullfont!
Missing character: There is no – in font nullfont!
Missing character: There is no ø in font nullfont!
Missing character: There is no – in font nullfont!
Missing character: There is no æ in font nullfont!
Missing character: There is no — in font nullfont!
Missing character: There is no Å in font nullfont!
Missing character: There is no – in font nullfont!
Missing character: There is no æ in font nullfont!
Missing character: There is no – in font nullfont!
Missing character: There is no ± in font nullfont!
Missing character: There is no – in font nullfont!
Missing character: There is no ∏ in font nullfont!
Missing character: There is no – in font nullfont!
Missing character: There is no µ in font nullfont!
! Undefined control sequence.
l.11 ...–ø–æ—Å–æ–±–∏–µ \vskip 12pt\bfseries \Large
                                                   –¢–µ–æ—Ä–∏—è –≤–µ—Ä–æ—è—Ç...
The control sequence at the end of the top line
of your error message was never \def'ed. If you have
misspelled it (e.g., `\hobx'), type `I' and the correct
spelling (e.g., `I\hbox'). Otherwise just continue,
and I'll forget about whatever was undefined.

Missing character: There is no – in font cmbx10!
Missing character: There is no ¢ in font cmbx10!
Missing character: There is no – in font cmbx10!
Missing character: There is no µ in font cmbx10!
Missing character: There is no – in font cmbx10!
Missing character: There is no æ in font cmbx10!
Missing character: There is no — in font cmbx10!
Missing character: There is no Ä in font cmbx10!
Missing character: There is no – in font cmbx10!
Missing character: There is no ∏ in font cmbx10!
Missing character: There is no — in font cmbx10!
Missing character: There is no è in font cmbx10!
Missing character: There is no – in font cmbx10!
Missing character: There is no ≤ in font cmbx10!
Missing character: There is no – in font cmbx10!
Missing character: There is no µ in font cmbx10!
Missing character: There is no — in font cmbx10!
Missing character: There is no Ä in font cmbx10!
Missing character: There is no – in font cmbx10!
Missing character: There is no æ in font cmbx10!
Missing character: There is no — in font cmbx10!
Missing character: There is no è in font cmbx10!
Missing character: There is no — in font cmbx10!
Missing character: There is no Ç in font cmbx10!
Missing character: There is no – in font cmbx10!
Missing character: There is no Ω in font cmbx10!
Missing character: There is no – in font cmbx10!
Missing character: There is no æ in font cmbx10!
Missing character: There is no — in font cmbx10!
Missing character: There is no Å in font cmbx10!
Missing character: There is no — in font cmbx10!
Missing character: There is no Ç in font cmbx10!
Missing character: There is no – in font cmbx10!
Missing character: There is no µ in font cmbx10!
Missing character: There is no – in font cmbx10!
Missing character: There is no π in font cmbx10!

Overfull \hbox (20.0pt too wide) in paragraph at lines 23--23
[] 
 []

Missing character: There is no – in font nullfont!
Missing character: There is no ù in font nullfont!
Missing character: There is no – in font nullfont!
Missing character: There is no ∏ in font nullfont!
Missing character: There is no – in font nullfont!
Missing character: There is no ∂ in font nullfont!
Missing character: There is no – in font nullfont!
Missing character: There is no Ω in font nullfont!
Missing character: There is no – in font nullfont!
Missing character: There is no ∏ in font nullfont!
Missing character: There is no – in font nullfont!
Missing character: There is no π in font nullfont!
Missing character: There is no – in font nullfont!
Missing character: There is no ù in font nullfont!
Missing character: There is no – in font nullfont!
Missing character: There is no æ in font nullfont!
Missing character: There is no – in font nullfont!
Missing character: There is no ≤ in font nullfont!
Missing character: There is no – in font nullfont!
Missing character: There is no ≥ in font nullfont!
Missing character: There is no – in font nullfont!
Missing character: There is no æ in font nullfont!
Missing character: There is no — in font nullfont!
Missing character: There is no Ä in font nullfont!
Missing character: There is no – in font nullfont!
Missing character: There is no æ in font nullfont!
Missing character: There is no – in font nullfont!
Missing character: There is no ¥ in font nullfont!
Missing character: There is no , in font nullfont!
Missing character: There is no 2 in font nullfont!
Missing character: There is no 0 in font nullfont!
Missing character: There is no 1 in font nullfont!
Missing character: There is no 8 in font nullfont!

! LaTeX Error: \begin{document} ended by \end{titlepage}.

See the LaTeX manual or LaTeX Companion for explanation.
Type  H <return>  for immediate help.
 ...                                              
                                                  
l.27 \end{titlepage}
                    
Your command was ignored.
Type  I <command> <return>  to replace it with another command,
or  <return>  to continue without it.

)
! Emergency stop.
<*> titlepage.tex
                 
*** (job aborted, no legal \end found)

 
Here is how much of TeX's memory you used:
 12 strings out of 492982
 214 string characters out of 6138580
 54251 words of memory out of 5000000
 3676 multiletter control sequences out of 15000+600000
 4249 words of font info for 16 fonts, out of 8000000 for 9000
 1141 hyphenation exceptions out of 8191
 13i,1n,10p,174b,120s stack positions out of 5000i,500n,10000p,200000b,80000s
!  ==> Fatal error occurred, no output PDF file produced!
